[    19.855] (WW) Failed to open protocol names file /usr/lib64/xorg/protocol.txt
[    19.855] 
X.Org X Server 1.20.11
X Protocol Version 11, Revision 0
[    19.855] Build Operating System:  4.18.0-193.28.1.el8_2.x86_64 
[    19.855] Current Operating System: Linux localhost.localdohost1 5.14.0-70.13.1.el9_0.x86_64 #1 SMP PREEMPT Thu Apr 14 12:42:38 EDT 2022 x86_64
[    19.855] Kernel command line: BOOT_IMAGE=vmlinuz initrd=initrd.img inst.stage2=hd:LABEL=RHEL-9-0-0-BaseOS-x86_64 quiet
[    19.855] Build Date: 10 February 2022  12:00:00AM
[    19.855] Build ID: xorg-x11-server 1.20.11-10.el9 
[    19.855] Current version of pixman: 0.40.0
[    19.855] 	Before reporting problems, check http://wiki.x.org
	to make sure that you have the latest version.
[    19.855] Markers: (--) probed, (**) from config file, (==) default setting,
	(++) from command line, (!!) notice, (II) informational,
	(WW) warning, (EE) error, (NI) not implemented, (??) unknown.
[    19.855] (++) Log file: "/tmp/X.log", Time: Wed May 24 17:46:51 2023
[    19.864] (==) Using config directory: "/etc/X11/xorg.conf.d"
[    19.864] (==) Using system config directory "/usr/share/X11/xorg.conf.d"
[    19.870] (==) No Layout section.  Using the first Screen section.
[    19.870] (==) No screen section available. Using defaults.
[    19.870] (**) |-->Screen "Default Screen Section" (0)
[    19.870] (**) |   |-->Monitor "<default monitor>"
[    19.870] (==) No monitor specified for screen "Default Screen Section".
	Using a default monitor configuration.
[    19.870] (==) Automatically adding devices
[    19.870] (==) Automatically enabling devices
[    19.870] (==) Automatically adding GPU devices
[    19.870] (==) Automatically binding GPU devices
[    19.870] (==) Max clients allowed: 256, resource mask: 0x1fffff
[    19.870] (==) FontPath set to:
	catalogue:/etc/X11/fontpath.d,
	built-ins
[    19.870] (==) ModulePath set to "/usr/lib64/xorg/modules"
[    19.870] (II) The server relies on udev to provide the list of input devices.
	If no devices become available, reconfigure udev or disable AutoAddDevices.
[    19.870] (II) Loader magic: 0x556d6ecf4d40
[    19.870] (II) Module ABI versions:
[    19.870] 	X.Org ANSI C Emulation: 0.4
[    19.870] 	X.Org Video Driver: 24.1
[    19.870] 	X.Org XInput driver : 24.1
[    19.870] 	X.Org Server Extension : 10.0
[    19.872] (++) using VT number 6

[    19.872] (II) systemd-logind: logind integration requires -keeptty and -keeptty was not provided, disabling logind integration
[    19.873] (II) xfree86: Adding drm device (/dev/dri/card0)
[    19.879] (--) PCI:*(0@0:1:0) 534f:53ff:fea0:483a rev 5, Mem @ 0xf4000000/67108864, 0xf8000000/67108864, 0xfce10000/8192, I/O @ 0x0000c040/32, BIOS @ 0x????????/65536
[    19.879] (II) LoadModule: "glx"
[    19.879] (II) Loading /usr/lib64/xorg/modules/extensions/libglx.so
[    19.896] (II) Module glx: vendor="X.Org Foundation"
[    19.896] 	compiled for 1.20.11, module version = 1.0.0
[    19.896] 	ABI class: X.Org Server Extension, version 10.0
[    19.896] (==) Matched qxl as autoconfigured driver 0
[    19.896] (==) Matched modesetting as autoconfigured driver 1
[    19.896] (==) Matched fbdev as autoconfigured driver 2
[    19.896] (==) Matched vesa as autoconfigured driver 3
[    19.896] (==) Assigned the driver to the xf86ConfigLayout
[    19.896] (II) LoadModule: "qxl"
[    19.896] (WW) Warning, couldn't open module qxl
[    19.897] (EE) Failed to load module "qxl" (module does not exist, 0)
[    19.897] (II) LoadModule: "modesetting"
[    19.897] (II) Loading /usr/lib64/xorg/modules/drivers/modesetting_drv.so
[    19.930] (II) Module modesetting: vendor="X.Org Foundation"
[    19.930] 	compiled for 1.20.11, module version = 1.20.11
[    19.930] 	Module class: X.Org Video Driver
[    19.930] 	ABI class: X.Org Video Driver, version 24.1
[    19.930] (II) LoadModule: "fbdev"
[    19.930] (II) Loading /usr/lib64/xorg/modules/drivers/fbdev_drv.so
[    19.930] (II) Module fbdev: vendor="X.Org Foundation"
[    19.930] 	compiled for 1.20.11, module version = 0.5.0
[    19.930] 	Module class: X.Org Video Driver
[    19.930] 	ABI class: X.Org Video Driver, version 24.1
[    19.930] (II) LoadModule: "vesa"
[    19.930] (WW) Warning, couldn't open module vesa
[    19.930] (EE) Failed to load module "vesa" (module does not exist, 0)
[    19.930] (II) modesetting: Driver for Modesetting Kernel Drivers: kms
[    19.930] (II) FBDEV: driver for framebuffer: fbdev
[    19.936] (II) modeset(0): using drv /dev/dri/card0
[    19.936] (II) modeset(0): Creating default Display subsection in Screen section
	"Default Screen Section" for depth/fbbpp 24/32
[    19.936] (==) modeset(0): Depth 24, (==) framebuffer bpp 32
[    19.936] (==) modeset(0): RGB weight 888
[    19.936] (==) modeset(0): Default visual is TrueColor
[    19.936] (II) Loading sub module "glamoregl"
[    19.936] (II) LoadModule: "glamoregl"
[    19.936] (II) Loading /usr/lib64/xorg/modules/libglamoregl.so
[    19.960] (II) Module glamoregl: vendor="X.Org Foundation"
[    19.960] 	compiled for 1.20.11, module version = 1.0.1
[    19.960] 	ABI class: X.Org ANSI C Emulation, version 0.4
[    21.400] (II) modeset(0): Refusing to try glamor on llvmpipe
[    21.401] (EE) modeset(0): glamor initialization failed
[    21.401] (II) modeset(0): ShadowFB: preferred NO, enabled NO
[    21.401] (II) modeset(0): Output Virtual-1 has no monitor section
[    21.401] (II) modeset(0): Output Virtual-2 has no monitor section
[    21.401] (II) modeset(0): Output Virtual-3 has no monitor section
[    21.401] (II) modeset(0): Output Virtual-4 has no monitor section
[    21.405] (II) modeset(0): EDID for output Virtual-1
[    21.405] (II) modeset(0): Printing probed modes for output Virtual-1
[    21.405] (II) modeset(0): Modeline "1024x768"x60.0   65.00  1024 1048 1184 1344  768 771 777 806 -hsync -vsync (48.4 kHz eP)
[    21.405] (II) modeset(0): Modeline "2560x1600"x60.0  348.50  2560 2752 3032 3504  1600 1603 1609 1658 -hsync +vsync (99.5 kHz e)
[    21.405] (II) modeset(0): Modeline "2560x1600"x60.0  268.50  2560 2608 2640 2720  1600 1603 1609 1646 +hsync -vsync (98.7 kHz e)
[    21.405] (II) modeset(0): Modeline "1920x1440"x60.0  234.00  1920 2048 2256 2600  1440 1441 1444 1500 -hsync +vsync (90.0 kHz e)
[    21.405] (II) modeset(0): Modeline "1856x1392"x60.0  218.25  1856 1952 2176 2528  1392 1393 1396 1439 -hsync +vsync (86.3 kHz e)
[    21.405] (II) modeset(0): Modeline "1792x1344"x60.0  204.75  1792 1920 2120 2448  1344 1345 1348 1394 -hsync +vsync (83.6 kHz e)
[    21.405] (II) modeset(0): Modeline "2048x1152"x60.0  162.00  2048 2074 2154 2250  1152 1153 1156 1200 +hsync +vsync (72.0 kHz e)
[    21.405] (II) modeset(0): Modeline "1920x1200"x59.9  193.25  1920 2056 2256 2592  1200 1203 1209 1245 -hsync +vsync (74.6 kHz e)
[    21.405] (II) modeset(0): Modeline "1920x1200"x60.0  154.00  1920 1968 2000 2080  1200 1203 1209 1235 +hsync -vsync (74.0 kHz e)
[    21.405] (II) modeset(0): Modeline "1920x1080"x60.0  148.50  1920 2008 2052 2200  1080 1084 1089 1125 -hsync -vsync (67.5 kHz e)
[    21.405] (II) modeset(0): Modeline "1600x1200"x60.0  162.00  1600 1664 1856 2160  1200 1201 1204 1250 +hsync +vsync (75.0 kHz e)
[    21.405] (II) modeset(0): Modeline "1680x1050"x60.0  146.25  1680 1784 1960 2240  1050 1053 1059 1089 -hsync +vsync (65.3 kHz e)
[    21.405] (II) modeset(0): Modeline "1680x1050"x59.9  119.00  1680 1728 1760 1840  1050 1053 1059 1080 +hsync -vsync (64.7 kHz e)
[    21.405] (II) modeset(0): Modeline "1400x1050"x60.0  121.75  1400 1488 1632 1864  1050 1053 1057 1089 -hsync +vsync (65.3 kHz e)
[    21.405] (II) modeset(0): Modeline "1400x1050"x59.9  101.00  1400 1448 1480 1560  1050 1053 1057 1080 +hsync -vsync (64.7 kHz e)
[    21.405] (II) modeset(0): Modeline "1600x900"x60.0  108.00  1600 1624 1704 1800  900 901 904 1000 +hsync +vsync (60.0 kHz e)
[    21.405] (II) modeset(0): Modeline "1280x1024"x60.0  108.00  1280 1328 1440 1688  1024 1025 1028 1066 +hsync +vsync (64.0 kHz e)
[    21.405] (II) modeset(0): Modeline "1440x900"x59.9  106.50  1440 1520 1672 1904  900 903 909 934 -hsync +vsync (55.9 kHz e)
[    21.405] (II) modeset(0): Modeline "1440x900"x59.9   88.75  1440 1488 1520 1600  900 903 909 926 +hsync -vsync (55.5 kHz e)
[    21.405] (II) modeset(0): Modeline "1280x960"x60.0  108.00  1280 1376 1488 1800  960 961 964 1000 +hsync +vsync (60.0 kHz e)
[    21.405] (II) modeset(0): Modeline "1280x854"x60.0   89.34  1280 1352 1480 1680  854 857 867 887 -hsync +vsync (53.2 kHz)
[    21.405] (II) modeset(0): Modeline "1366x768"x59.8   85.50  1366 1436 1579 1792  768 771 774 798 +hsync +vsync (47.7 kHz e)
[    21.405] (II) modeset(0): Modeline "1366x768"x60.0   72.00  1366 1380 1436 1500  768 769 772 800 +hsync +vsync (48.0 kHz e)
[    21.405] (II) modeset(0): Modeline "1360x768"x60.0   85.50  1360 1424 1536 1792  768 771 777 795 +hsync +vsync (47.7 kHz e)
[    21.405] (II) modeset(0): Modeline "1280x800"x59.8   83.50  1280 1352 1480 1680  800 803 809 831 -hsync +vsync (49.7 kHz e)
[    21.405] (II) modeset(0): Modeline "1280x800"x59.9   71.00  1280 1328 1360 1440  800 803 809 823 +hsync -vsync (49.3 kHz e)
[    21.405] (II) modeset(0): Modeline "1280x768"x59.9   79.50  1280 1344 1472 1664  768 771 778 798 -hsync +vsync (47.8 kHz e)
[    21.405] (II) modeset(0): Modeline "1280x768"x60.0   68.25  1280 1328 1360 1440  768 771 778 790 +hsync -vsync (47.4 kHz e)
[    21.405] (II) modeset(0): Modeline "1280x720"x60.0   74.25  1280 1390 1430 1650  720 725 730 750 +hsync +vsync (45.0 kHz e)
[    21.405] (II) modeset(0): Modeline "1152x768"x59.9   71.95  1152 1216 1328 1504  768 771 781 798 -hsync +vsync (47.8 kHz)
[    21.405] (II) modeset(0): Modeline "800x600"x60.3   40.00  800 840 968 1056  600 601 605 628 +hsync +vsync (37.9 kHz e)
[    21.405] (II) modeset(0): Modeline "800x600"x56.2   36.00  800 824 896 1024  600 601 603 625 +hsync +vsync (35.2 kHz e)
[    21.405] (II) modeset(0): Modeline "848x480"x60.0   33.75  848 864 976 1088  480 486 494 517 +hsync +vsync (31.0 kHz e)
[    21.405] (II) modeset(0): Modeline "720x480"x59.9   26.85  720 744 808 896  480 483 493 500 -hsync +vsync (30.0 kHz)
[    21.405] (II) modeset(0): Modeline "640x480"x59.9   25.18  640 656 752 800  480 490 492 525 -hsync -vsync (31.5 kHz e)
[    21.405] (II) modeset(0): EDID for output Virtual-2
[    21.405] (II) modeset(0): EDID for output Virtual-3
[    21.405] (II) modeset(0): EDID for output Virtual-4
[    21.405] (II) modeset(0): Output Virtual-1 connected
[    21.405] (II) modeset(0): Output Virtual-2 disconnected
[    21.405] (II) modeset(0): Output Virtual-3 disconnected
[    21.405] (II) modeset(0): Output Virtual-4 disconnected
[    21.405] (II) modeset(0): Using exact sizes for initial modes
[    21.405] (II) modeset(0): Output Virtual-1 using initial mode 1024x768 +0+0
[    21.405] (==) modeset(0): Using gamma correction (1.0, 1.0, 1.0)
[    21.405] (++) modeset(0): DPI set to (96, 96)
[    21.405] (II) Loading sub module "fb"
[    21.405] (II) LoadModule: "fb"
[    21.405] (II) Module "fb" already built-in
[    21.405] (II) UnloadModule: "fbdev"
[    21.405] (II) Unloading fbdev
[    21.412] (==) modeset(0): Backing store enabled
[    21.412] (==) modeset(0): Silken mouse enabled
[    21.413] (II) modeset(0): Initializing kms color map for depth 24, 8 bpc.
[    21.413] (==) modeset(0): DPMS enabled
[    21.413] (II) Initializing extension Generic Event Extension
[    21.413] (II) Initializing extension SHAPE
[    21.413] (II) Initializing extension MIT-SHM
[    21.413] (II) Initializing extension XInputExtension
[    21.413] (II) Initializing extension XTEST
[    21.413] (II) Initializing extension BIG-REQUESTS
[    21.413] (II) Initializing extension SYNC
[    21.413] (II) Initializing extension XKEYBOARD
[    21.413] (II) Initializing extension XC-MISC
[    21.413] (II) Initializing extension SECURITY
[    21.413] (II) Initializing extension XFIXES
[    21.413] (II) Initializing extension RENDER
[    21.413] (II) Initializing extension RANDR
[    21.413] (II) Initializing extension COMPOSITE
[    21.413] (II) Initializing extension DAMAGE
[    21.413] (II) Initializing extension MIT-SCREEN-SAVER
[    21.413] (II) Initializing extension DOUBLE-BUFFER
[    21.413] (II) Initializing extension RECORD
[    21.413] (II) Initializing extension DPMS
[    21.413] (II) Initializing extension Present
[    21.413] (II) Initializing extension DRI3
[    21.413] (II) Initializing extension X-Resource
[    21.413] (II) Initializing extension XVideo
[    21.413] (II) Initializing extension XVideo-MotionCompensation
[    21.413] (II) Initializing extension SELinux
[    21.413] (II) SELinux: Disabled by boolean
[    21.413] (II) Initializing extension GLX
[    21.413] (II) AIGLX: Screen 0 is not DRI2 capable
[    21.419] (II) IGLX: Loaded and initialized swrast
[    21.419] (II) GLX: Initialized DRISWRAST GL provider for screen 0
[    21.419] (II) Initializing extension XFree86-VidModeExtension
[    21.419] (II) Initializing extension XFree86-DGA
[    21.419] (II) Initializing extension DRI2
[    21.419] (II) modeset(0): Damage tracking initialized
[    21.419] (II) modeset(0): Setting screen physical size to 270 x 203
[    21.490] (II) config/udev: Adding input device Power Button (/dev/input/event0)
[    21.490] (**) Power Button: Applying InputClass "evdev keyboard catchall"
[    21.490] (**) Power Button: Applying InputClass "libinput keyboard catchall"
[    21.490] (II) LoadModule: "libinput"
[    21.490] (II) Loading /usr/lib64/xorg/modules/input/libinput_drv.so
[    21.493] (II) Module libinput: vendor="X.Org Foundation"
[    21.493] 	compiled for 1.20.11, module version = 1.0.1
[    21.493] 	Module class: X.Org XInput Driver
[    21.493] 	ABI class: X.Org XInput driver, version 24.1
[    21.493] (II) Using input driver 'libinput' for 'Power Button'
[    21.493] (**) Power Button: always reports core events
[    21.493] (**) Option "Device" "/dev/input/event0"
[    21.496] (**) Option "_source" "server/udev"
[    21.500] (II) event0  - Power Button: is tagged by udev as: Keyboard
[    21.500] (II) event0  - Power Button: device is a keyboard
[    21.500] (II) event0  - Power Button: device removed
[    21.509] (**) Option "config_info" "udev:/sys/devices/LNXSYSTM:00/LNXPWRBN:00/input/input0/event0"
[    21.509] (II) XINPUT: Adding extended input device "Power Button" (type: KEYBOARD, id 6)
[    21.509] (II) event0  - Power Button: is tagged by udev as: Keyboard
[    21.509] (II) event0  - Power Button: device is a keyboard
[    21.509] (II) config/udev: Adding input device QEMU QEMU USB Tablet (/dev/input/event2)
[    21.509] (**) QEMU QEMU USB Tablet: Applying InputClass "evdev pointer catchall"
[    21.509] (**) QEMU QEMU USB Tablet: Applying InputClass "libinput pointer catchall"
[    21.509] (II) Using input driver 'libinput' for 'QEMU QEMU USB Tablet'
[    21.509] (**) QEMU QEMU USB Tablet: always reports core events
[    21.509] (**) Option "Device" "/dev/input/event2"
[    21.509] (**) Option "_source" "server/udev"
[    21.659] (II) event2  - QEMU QEMU USB Tablet: is tagged by udev as: Mouse
[    21.659] (II) event2  - QEMU QEMU USB Tablet: device is a pointer
[    21.659] (II) event2  - QEMU QEMU USB Tablet: device removed
[    21.674] (**) Option "config_info" "udev:/sys/devices/pci0000:00/0000:00:02.1/0000:02:00.0/usb1/1-1/1-1:1.0/0003:0627:0001.0001/input/input4/event2"
[    21.674] (II) XINPUT: Adding extended input device "QEMU QEMU USB Tablet" (type: MOUSE, id 7)
[    21.674] (**) Option "AccelerationScheme" "none"
[    21.674] (**) QEMU QEMU USB Tablet: (accel) selected scheme none/0
[    21.674] (**) QEMU QEMU USB Tablet: (accel) acceleration factor: 2.000
[    21.674] (**) QEMU QEMU USB Tablet: (accel) acceleration threshold: 4
[    21.727] (II) event2  - QEMU QEMU USB Tablet: is tagged by udev as: Mouse
[    21.727] (II) event2  - QEMU QEMU USB Tablet: device is a pointer
[    21.728] (II) config/udev: Adding input device QEMU QEMU USB Tablet (/dev/input/mouse0)
[    21.728] (II) No input driver specified, ignoring this device.
[    21.728] (II) This device may have been added with another device file.
[    21.728] (II) config/udev: Adding input device AT Translated Set 2 keyboard (/dev/input/event1)
[    21.728] (**) AT Translated Set 2 keyboard: Applying InputClass "evdev keyboard catchall"
[    21.728] (**) AT Translated Set 2 keyboard: Applying InputClass "libinput keyboard catchall"
[    21.728] (II) Using input driver 'libinput' for 'AT Translated Set 2 keyboard'
[    21.728] (**) AT Translated Set 2 keyboard: always reports core events
[    21.728] (**) Option "Device" "/dev/input/event1"
[    21.728] (**) Option "_source" "server/udev"
[    21.729] (II) event1  - AT Translated Set 2 keyboard: is tagged by udev as: Keyboard
[    21.729] (II) event1  - AT Translated Set 2 keyboard: device is a keyboard
[    21.729] (II) event1  - AT Translated Set 2 keyboard: device removed
[    21.740] (**) Option "config_info" "udev:/sys/devices/platform/i8042/serio0/input/input1/event1"
[    21.740] (II) XINPUT: Adding extended input device "AT Translated Set 2 keyboard" (type: KEYBOARD, id 8)
[    21.740] (II) event1  - AT Translated Set 2 keyboard: is tagged by udev as: Keyboard
[    21.740] (II) event1  - AT Translated Set 2 keyboard: device is a keyboard
[    21.741] (II) config/udev: Adding input device ImExPS/2 Generic Explorer Mouse (/dev/input/event3)
[    21.741] (**) ImExPS/2 Generic Explorer Mouse: Applying InputClass "evdev pointer catchall"
[    21.741] (**) ImExPS/2 Generic Explorer Mouse: Applying InputClass "libinput pointer catchall"
[    21.741] (II) Using input driver 'libinput' for 'ImExPS/2 Generic Explorer Mouse'
[    21.741] (**) ImExPS/2 Generic Explorer Mouse: always reports core events
[    21.741] (**) Option "Device" "/dev/input/event3"
[    21.741] (**) Option "_source" "server/udev"
[    21.742] (II) event3  - ImExPS/2 Generic Explorer Mouse: is tagged by udev as: Mouse
[    21.742] (II) event3  - ImExPS/2 Generic Explorer Mouse: device is a pointer
[    21.742] (II) event3  - ImExPS/2 Generic Explorer Mouse: device removed
[    21.756] (**) Option "config_info" "udev:/sys/devices/platform/i8042/serio1/input/input3/event3"
[    21.756] (II) XINPUT: Adding extended input device "ImExPS/2 Generic Explorer Mouse" (type: MOUSE, id 9)
[    21.756] (**) Option "AccelerationScheme" "none"
[    21.756] (**) ImExPS/2 Generic Explorer Mouse: (accel) selected scheme none/0
[    21.756] (**) ImExPS/2 Generic Explorer Mouse: (accel) acceleration factor: 2.000
[    21.756] (**) ImExPS/2 Generic Explorer Mouse: (accel) acceleration threshold: 4
[    21.756] (II) event3  - ImExPS/2 Generic Explorer Mouse: is tagged by udev as: Mouse
[    21.756] (II) event3  - ImExPS/2 Generic Explorer Mouse: device is a pointer
[    21.757] (II) config/udev: Adding input device ImExPS/2 Generic Explorer Mouse (/dev/input/mouse1)
[    21.757] (II) No input driver specified, ignoring this device.
[    21.757] (II) This device may have been added with another device file.
[    21.757] (II) config/udev: Adding input device PC Speaker (/dev/input/event4)
[    21.757] (II) No input driver specified, ignoring this device.
[    21.757] (II) This device may have been added with another device file.
[    22.541] (II) config/udev: Adding input device spice vdagent tablet (/dev/input/mouse2)
[    22.541] (II) No input driver specified, ignoring this device.
[    22.541] (II) This device may have been added with another device file.
[    22.541] (II) config/udev: Adding input device spice vdagent tablet (/dev/input/js0)
[    22.541] (II) No input driver specified, ignoring this device.
[    22.541] (II) This device may have been added with another device file.
[    22.551] (II) config/udev: Adding input device spice vdagent tablet (/dev/input/event5)
[    22.551] (**) spice vdagent tablet: Applying InputClass "evdev pointer catchall"
[    22.551] (**) spice vdagent tablet: Applying InputClass "libinput pointer catchall"
[    22.551] (II) Using input driver 'libinput' for 'spice vdagent tablet'
[    22.551] (**) spice vdagent tablet: always reports core events
[    22.551] (**) Option "Device" "/dev/input/event5"
[    22.551] (**) Option "_source" "server/udev"
[    22.551] (II) event5  - spice vdagent tablet: is tagged by udev as: Mouse
[    22.551] (II) event5  - spice vdagent tablet: device is a pointer
[    22.551] (II) event5  - spice vdagent tablet: device removed
[    22.565] (**) Option "config_info" "udev:/sys/devices/virtual/input/input6/event5"
[    22.565] (II) XINPUT: Adding extended input device "spice vdagent tablet" (type: MOUSE, id 10)
[    22.565] (**) Option "AccelerationScheme" "none"
[    22.565] (**) spice vdagent tablet: (accel) selected scheme none/0
[    22.565] (**) spice vdagent tablet: (accel) acceleration factor: 2.000
[    22.565] (**) spice vdagent tablet: (accel) acceleration threshold: 4
[    22.565] (II) event5  - spice vdagent tablet: is tagged by udev as: Mouse
[    22.565] (II) event5  - spice vdagent tablet: device is a pointer
